2024-08-20 14:26:22,326 - brute_force_logger - INFO - Correlation threshold: 0.75, Euclidean distance threshold: 0.707107
2024-08-20 14:26:22,326 - brute_force_logger - INFO - Report (0, 2, 0): Window 0, time series 0, 2, correlation coefficient: 0.920121, Euclidean distance: 0.399698
2024-08-20 14:26:22,327 - brute_force_logger - INFO - Report (0, 3, 0): Window 0, time series 0, 3, correlation coefficient: 0.910096, Euclidean distance: 0.424037
2024-08-20 14:26:22,327 - brute_force_logger - INFO - Report (0, 7, 0): Window 0, time series 0, 7, correlation coefficient: 0.867272, Euclidean distance: 0.515224
2024-08-20 14:26:22,327 - brute_force_logger - INFO - Report (0, 8, 0): Window 0, time series 0, 8, correlation coefficient: 0.866874, Euclidean distance: 0.515997
2024-08-20 14:26:22,327 - brute_force_logger - INFO - Report (1, 4, 0): Window 0, time series 1, 4, correlation coefficient: 0.80903, Euclidean distance: 0.618013
2024-08-20 14:26:22,327 - brute_force_logger - INFO - Report (2, 3, 0): Window 0, time series 2, 3, correlation coefficient: 0.877196, Euclidean distance: 0.495589
2024-08-20 14:26:22,327 - brute_force_logger - INFO - Report (2, 7, 0): Window 0, time series 2, 7, correlation coefficient: 0.974288, Euclidean distance: 0.226769
2024-08-20 14:26:22,327 - brute_force_logger - INFO - Report (2, 8, 0): Window 0, time series 2, 8, correlation coefficient: 0.929478, Euclidean distance: 0.375558
2024-08-20 14:26:22,327 - brute_force_logger - INFO - Report (3, 7, 0): Window 0, time series 3, 7, correlation coefficient: 0.831303, Euclidean distance: 0.580856
2024-08-20 14:26:22,327 - brute_force_logger - INFO - Report (3, 8, 0): Window 0, time series 3, 8, correlation coefficient: 0.871474, Euclidean distance: 0.507003
2024-08-20 14:26:22,327 - brute_force_logger - INFO - Report (7, 8, 0): Window 0, time series 7, 8, correlation coefficient: 0.924801, Euclidean distance: 0.387812
2024-08-20 14:26:22,328 - brute_force_logger - INFO - Report (0, 1, 1): Window 1, time series 0, 1, correlation coefficient: 0.82771, Euclidean distance: 0.587009
2024-08-20 14:26:22,328 - brute_force_logger - INFO - Report (0, 2, 1): Window 1, time series 0, 2, correlation coefficient: 0.81124, Euclidean distance: 0.614427
2024-08-20 14:26:22,328 - brute_force_logger - INFO - Report (0, 3, 1): Window 1, time series 0, 3, correlation coefficient: 0.830036, Euclidean distance: 0.583033
2024-08-20 14:26:22,328 - brute_force_logger - INFO - Report (0, 5, 1): Window 1, time series 0, 5, correlation coefficient: 0.81167, Euclidean distance: 0.613726
2024-08-20 14:26:22,328 - brute_force_logger - INFO - Report (0, 6, 1): Window 1, time series 0, 6, correlation coefficient: 0.870433, Euclidean distance: 0.509051
2024-08-20 14:26:22,328 - brute_force_logger - INFO - Report (1, 2, 1): Window 1, time series 1, 2, correlation coefficient: 0.802653, Euclidean distance: 0.628247
2024-08-20 14:26:22,328 - brute_force_logger - INFO - Report (1, 4, 1): Window 1, time series 1, 4, correlation coefficient: 0.846971, Euclidean distance: 0.553224
2024-08-20 14:26:22,328 - brute_force_logger - INFO - Report (1, 5, 1): Window 1, time series 1, 5, correlation coefficient: 0.833398, Euclidean distance: 0.577238
2024-08-20 14:26:22,328 - brute_force_logger - INFO - Report (1, 6, 1): Window 1, time series 1, 6, correlation coefficient: 0.765903, Euclidean distance: 0.684247
2024-08-20 14:26:22,328 - brute_force_logger - INFO - Report (1, 8, 1): Window 1, time series 1, 8, correlation coefficient: 0.751997, Euclidean distance: 0.704277
2024-08-20 14:26:22,328 - brute_force_logger - INFO - Report (2, 7, 1): Window 1, time series 2, 7, correlation coefficient: 0.780952, Euclidean distance: 0.661888
2024-08-20 14:26:22,328 - brute_force_logger - INFO - Report (3, 5, 1): Window 1, time series 3, 5, correlation coefficient: 0.774455, Euclidean distance: 0.671633
2024-08-20 14:26:22,328 - brute_force_logger - INFO - Report (3, 6, 1): Window 1, time series 3, 6, correlation coefficient: 0.833168, Euclidean distance: 0.577637
2024-08-20 14:26:22,329 - brute_force_logger - INFO - Report (4, 5, 1): Window 1, time series 4, 5, correlation coefficient: 0.893863, Euclidean distance: 0.460731
2024-08-20 14:26:22,329 - brute_force_logger - INFO - Report (4, 8, 1): Window 1, time series 4, 8, correlation coefficient: 0.901699, Euclidean distance: 0.443399
2024-08-20 14:26:22,329 - brute_force_logger - INFO - Report (5, 6, 1): Window 1, time series 5, 6, correlation coefficient: 0.830858, Euclidean distance: 0.581622
2024-08-20 14:26:22,329 - brute_force_logger - INFO - Report (5, 8, 1): Window 1, time series 5, 8, correlation coefficient: 0.934031, Euclidean distance: 0.363234
2024-08-20 14:26:22,329 - brute_force_logger - INFO - Window 2, time series 3: 
[-0.22798765 -0.1889726  -0.22798765 -0.18187973 -0.17833294 -0.10739677
 -0.14641147 -0.1357711  -0.20316012 -0.22798765 -0.15705149 -0.11449035
 -0.04355454  0.10186387  0.00964731 -0.00808629  0.11250388  0.08412956
  0.05930203  0.16925324  0.23664155  0.30048413  0.26501587  0.44944934
  0.36077957]
2024-08-20 14:26:22,329 - brute_force_logger - INFO - Window 2, time series 6: 
[ 0.04219841  0.20273505  0.09636938  0.13788767  0.20510736  0.20273505
  0.26916375  0.22646001  0.01610114  0.01570589  0.13472439  0.23871759
  0.13630635  0.05722418  0.11851239  0.01491491 -0.07800695 -0.18555869
 -0.18199952 -0.32751102 -0.17844098 -0.2243088  -0.22589012 -0.21205106
 -0.50109637]
2024-08-20 14:26:22,330 - brute_force_logger - INFO - Window 2, time series 7: 
[-0.2868961  -0.09147876 -0.1553287  -0.13984987 -0.19789358 -0.22691718
 -0.13211017 -0.01408579 -0.13017495 -0.25593903 -0.17854606 -0.16113318
 -0.23659093 -0.04310765  0.09620004  0.22389817  0.24518148  0.12135262
  0.10393858  0.078786    0.16004939  0.22583339  0.30516157  0.35933659
  0.33031415]
2024-08-20 14:26:22,330 - brute_force_logger - INFO - Report (3, 6, 2): Window 2, time series 3, 6, correlation coefficient: -0.81411, Euclidean distance: 1.904789
2024-08-20 14:26:22,330 - brute_force_logger - INFO - Report (3, 7, 2): Window 2, time series 3, 7, correlation coefficient: 0.88535, Euclidean distance: 0.478852
2024-08-20 14:26:22,330 - brute_force_logger - INFO - Report (3, 8, 2): Window 2, time series 3, 8, correlation coefficient: 0.78563, Euclidean distance: 0.654782
2024-08-20 14:26:22,330 - brute_force_logger - INFO - Report (6, 7, 2): Window 2, time series 6, 7, correlation coefficient: -0.755088, Euclidean distance: 1.873546
2024-08-20 14:26:22,331 - brute_force_logger - INFO - Report (0, 1, 3): Window 3, time series 0, 1, correlation coefficient: 0.817402, Euclidean distance: 0.604315
2024-08-20 14:26:22,331 - brute_force_logger - INFO - Report (2, 7, 3): Window 3, time series 2, 7, correlation coefficient: 0.814713, Euclidean distance: 0.608747
2024-08-20 14:26:22,331 - brute_force_logger - INFO - Report (2, 8, 3): Window 3, time series 2, 8, correlation coefficient: 0.91737, Euclidean distance: 0.406521
2024-08-20 14:26:22,331 - brute_force_logger - INFO - Report (7, 8, 3): Window 3, time series 7, 8, correlation coefficient: 0.767651, Euclidean distance: 0.681688
2024-08-20 14:26:22,331 - brute_force_logger - INFO - Report: In total the data contains 36 correlated window pairs.
