AACIW
AAGRW
ABLLW
ABLVW
ABVE
ABVEW
ACABW
ACACW
ACONW
ADNWW
ADSEW
ADVWW
AEAEW
AENTW
AERTW
AEZS
AFARW
AFJK
AFJKR
AFRIW
AGBAW
AGIX
AGMI
AILEW
AIMAW
AIMDW
AIPI
AIRJW
AISPW
AITR
AITRR
ALAB
ALCYW
ALFUU
ALMS
ALSAR
ALSAW
ALVOW
AMDL
AMIX
AMZZ
ANGHW
ANSC
ANSCW
AOGOW
APCXW
APXIW
AQUNR
ARBEW
AREBW
ARKOW
ARRY
ARTV
ARYD
ASCBR
ASCBW
ASTLW
ASTSW
ATLCZ
ATMCR
ATMCW
ATMVR
ATNFW
AUROW
AUUDW
AVBP
AVPTW
AVXC
BAERW
BAYAR
BCDAW
BCG
BCGWW
BCSAW
BCTXW
BEATW
BELT
BENFW
BETRW
BFIIW
BFRGW
BFRIW
BGRO
BHACW
BIAFW
BKHA
BKHAR
BKHAU
BLACR
BLACW
BLDEW
BLEUR
BLEUW
BLMZ
BMDL
BNAIW
BNIXR
BNIXW
BNZIW
BOCNW
BOLD
BOTT
BOWNR
BRACR
BRHY
BRKHW
BRLSW
BROGW
BRRR
BSCY
BSJW
BTBDW
BTCTW
BTFX
BTMWW
BTOC
BTSG
BTSGU
BUJAR
BUJAW
BYNOW
BZFDW
CALB
CANQ
CAPTW
CCIX
CCIXU
CCIXW
CCNR
CCSB
CCTG
CCTSW
CDAQW
CDIOW
CDROW
CDTG
CDTTW
CEADW
CELUW
CERE
CEROW
CETU
CETUR
CETUU
CETUW
CFFSW
CGBS
CGBSW
CGON
CHKEZ
CHKP
CHMG
CHNR
CHPS
CHR
CHRD
CHRS
CHRW
CHSCL
CHSCM
CHSCN
CHSCO
CHSCP
CHSN
CHTR
CIFRW
CINGW
CITEW
CLBTW
CLNNW
CLOD
CLOER
CLRCR
CLRCW
CMAXW
CMPOW
CNFRZ
COCHW
CODX
COEP
COEPW
COFS
COGT
COHU
COIN
COKE
COLB
COLL
COLM
COMM
COMT
CONL
CONN
COO
COOTW
COPP
CORZ
CORZW
CORZZ
CPLS
CPTNW
CRESW
CREVW
CRGOW
CRMLW
CRON
CROX
CRSP
CRSR
CRTO
CRUS
CRVL
CRVO
CRVS
CRWD
CRWS
CSA
CSB
CSBR
CSCO
CSF
CSLMR
CSLMW
CSLRW
CTCXW
CTNM
CUBWU
CURIW
CVIIW
CVLT
CVRX
CVV
CWBC
CWCO
CWD
CWST
CXAI
CXAIW
CXDO
CXSE
CYBR
CYCC
CYCCP
CYCN
CYN
CZAR
DAVEW
DBGIW
DCAP
DCOMG
DECAU
DECAW
DEMZ
DENN
DERM
DFGP
DFGX
DFLI
DFLIW
DGCB
DGHI
DGICA
DGICB
DGII
DGLY
DGRS
DH
DHAI
DHAIW
DHCNL
DISTR
DISTW
DJTWW
DKNG
DMAC
DOMH
DPCSW
DRMAW
DRTSW
DSGR
DSGX
DSP
DSWL
DSY
DSYWW
DTCK
DTCR
DTI
DTIL
DTSQU
DTSS
DTST
DTSTW
DUET
DUETU
DUETW
DUKH
DUKX
DYCQ
DYCQR
DYCQU
DYFI
ECDAW
ECOR
ECOW
ECPG
ECX
ECXWW
EDAP
EDBL
EDBLW
EDIT
EDOC
EDRY
EDSA
EDTK
EDUC
EHGO
EHLS
EMB
EMBC
EMCB
EMCG
EMCGR
EMCGU
EMCGW
EMIF
EMKR
EML
EMLD
EMLDU
EMLDW
EMXC
EMXF
ENG
ENGNW
EPRX
ERNZ
ESGLW
ESGRP
ESGU
ESHA
ESHAR
ESLA
ESLAW
ESLT
ESMV
ESOA
ESPO
ESPR
ESQ
ESSA
ESTA
ETEC
ETHA
EUDAW
EURKU
EVGRW
EVLVW
EVSD
EYEG
EYEN
EYPT
EZFL
EZGO
EZPW
FA
FAAR
FAAS
FAASW
FAB
FAD
FALN
FAMI
FANG
FANH
FATBW
FBLG
FBYDW
FCTE
