AACIW
AAGRW
ABLLW
ABLVW
ABVE
ABVEW
ACABW
ACACW
ACONW
ADNWW
ADSEW
ADVWW
AEAEW
AENTW
AERTW
AFARW
AFJK
AFJKR
AFRIW
AGBAW
AGIX
AGMI
AHCO
AILEW
AIMAW
AIMDW
AIPI
AIRJW
AIRR
AISPW
AITR
AITRR
ALAB
ALCYW
ALFUU
ALMS
ALSAR
ALSAW
ALVOW
AMDL
AMIX
AMZZ
ANGHW
ANSC
ANSCW
ANY
AOGOW
APCXW
APXIW
AQUNR
ARBEW
AREBW
ARKOW
ARTV
ASCBR
ASCBW
ASTLW
ASTSW
ATLCZ
ATMCR
ATMCW
ATMVR
ATNFW
AUROW
AUUDW
AVBP
AVPTW
AVXC
BAERW
BAYAR
BCDAW
BCG
BCGWW
BCSAW
BCTXW
BEATW
BELT
BENFW
BETRW
BFIIW
BFRGW
BFRIW
BGRO
BHACW
BIAFW
BKHA
BKHAR
BKHAU
BLACR
BLACW
BLDEW
BLEUR
BLEUW
BLMZ
BMDL
BNAIW
BNIXR
BNIXW
BNZIW
BOCNW
BOLD
BOTT
BOWNR
BRACR
BRHY
BRKHW
BRLSW
BROGW
BRRR
BSCY
BSJW
BTBDW
BTCTW
BTFX
BTMWW
BTOC
BTSG
BTSGU
BUJAR
BUJAW
BYNOW
BZFDW
CANQ
CAPTW
CCIX
CCIXU
CCIXW
CCNR
CCSB
CCTG
CCTSW
CDAQW
CDIOW
CDROW
CDTG
CDTTW
CEADW
CELUW
CEROW
CETUR
CETUW
CFFSW
CGBS
CGBSW
CGON
CHPS
CIFRW
CIGI
CINGW
CITEW
CLBTW
CLNNW
CLOD
CLOER
CLRCR
CLRCW
CMAXW
CMPOW
CNFRZ
COCHW
COEPW
COOTW
COPP
CORZ
CORZW
CORZZ
CPLS
CPTNW
CRESW
CREVW
CRGOW
CRMLW
CRVS
CSLMR
CSLMW
CSLRW
CTCXW
CTNM
CUBWU
CURIW
CVIIW
CXAIW
CZAR
DAVEW
DBGIW
DCAP
DCOMG
DECAW
DFLIW
DHAI
DHAIW
DHCNL
DISTR
DISTW
DJTWW
DPCSW
DRMAW
DRTSW
DSGN
DSGR
DSGX
DSP
DSYWW
DTSQU
DTSTW
DUETW
DUKH
DUKX
DYCQ
DYCQR
DYCQU
DYFI
ECDAW
ECXWW
EDBLW
EHGO
EHLS
EMCGR
EMCGW
EMLDW
ENGNW
EPRX
ERNZ
ESGLW
ESHAR
ESLAW
ETHA
EUDAW
EURKU
EVGRW
EVLVW
EVSD
FAASW
FATBW
FBLG
FBYDW
FCTE
FDTX
FDUS
FEAM
FEBO
FEIM
FELE
FEMB
FEXDR
FEXDW
FFIEW
FGIWW
FIACW
FINE
FLDB
FLWS
FLXS
FLYE
FLYW
FMAO
FMB
FMSTW
FNVTW
FORLW